This file contains any messages produced by compilers while
running configure, to aid debugging if configure makes a mistake.

configure:565: checking for Cygwin environment
configure:598: checking for mingw32 environment
configure:675: checking host system type
configure:696: checking target system type
configure:714: checking build system type
configure:738: checking for strerror in -lcposix
configure:793: checking for a BSD compatible install
configure:846: checking whether build environment is sane
configure:903: checking whether make sets ${MAKE}
configure:949: checking for working aclocal
configure:962: checking for working autoconf
configure:975: checking for working automake
configure:988: checking for working autoheader
configure:1001: checking for working makeinfo
configure:1087: checking for gcc
configure:1200: checking whether the C compiler (gcc -g -O2 ) works
configure:1216: gcc -o conftest -g -O2   conftest.c  1>&5
configure:1242: checking whether the C compiler (gcc -g -O2 ) is a cross-compiler
configure:1247: checking whether we are using GNU C
configure:1275: checking whether gcc accepts -g
configure:1318: checking for ld used by GCC
configure:1386: checking if the linker (ld) is GNU ld
configure:1403: checking for ld option to reload object files
configure:1415: checking for BSD-compatible nm
configure:1453: checking whether ln -s works
configure:1474: checking how to recognise dependant libraries
configure:1647: checking for object suffix
configure:1673: checking for executable suffix
configure:1849: checking for ranlib
configure:1916: checking for strip
ltconfig:678:checking for gcc option to produce PIC
ltconfig:687:checking that gcc PIC flag  -fPIC -DPIC works.
ltconfig:749: checking if gcc static flag -static works
ltconfig:780: finding the maximum length of command line arguments
ltconfig:@lineno@: result: 49153
ltconfig:887: checking if gcc supports -fno-rtti -fno-exceptions
ltconfig:888: gcc -c -g -O2 -fno-rtti -fno-exceptions -c conftest.c  conftest.c 1>&5
ltconfig:1431: checking if global_symbol_pipe works
ltconfig:1432: gcc -c -g -O2  conftest.c 1>&5
ltconfig:1435: eval "nm conftest.o | sed -n -e 's/^.*[ 	]\([ABCDGISTW][ABCDGISTW]*\)[ 	][ 	]*\(\)\([_A-Za-z][_A-Za-z0-9]*\)$/  /p' > conftest.nm"
ltconfig:1487: gcc -o conftest -g -O2 -fno-builtin   conftest.c conftstm.o 1>&5
configure:2311: checking for gcc
configure:2424: checking whether the C compiler (gcc -g -O2 ) works
configure:2440: gcc -o conftest -g -O2   conftest.c  1>&5
configure:2466: checking whether the C compiler (gcc -g -O2 ) is a cross-compiler
configure:2471: checking whether we are using GNU C
configure:2499: checking whether gcc accepts -g
configure:2542: checking for a BSD compatible install
configure:2597: checking how to run the C preprocessor
configure:2679: checking for ranlib
configure:2707: checking for ANSI C header files
configure:2811: checking for working const
configure:2886: checking for inline
configure:2926: checking for off_t
configure:2959: checking for size_t
configure:2994: checking for working alloca.h
configure:3027: checking for alloca
configure:3229: checking for unistd.h
configure:3268: checking for getpagesize
configure:3321: checking for working mmap
configure:3497: checking for argz.h
configure:3497: checking for limits.h
configure:3497: checking for locale.h
configure:3497: checking for nl_types.h
configure:3497: checking for malloc.h
configure:3497: checking for string.h
configure:3497: checking for unistd.h
configure:3497: checking for values.h
configure:3497: checking for sys/param.h
configure:3537: checking for getcwd
configure:3537: checking for munmap
configure:3537: checking for putenv
configure:3537: checking for setenv
configure:3537: checking for setlocale
configure:3537: checking for strchr
configure:3537: checking for strcasecmp
configure:3537: checking for __argz_count
configure:3537: checking for __argz_stringify
configure:3537: checking for __argz_next
configure:3656: checking for LC_MESSAGES
configure:3689: checking whether NLS is requested
configure:3709: checking whether included gettext is requested
configure:3728: checking for libintl.h
configure:3755: checking for gettext in libc
configure:3858: checking for msgfmt
configure:3892: checking for dcgettext
configure:3947: checking for gmsgfmt
configure:3983: checking for xgettext
configure:4023: gcc -o conftest -g -O2   conftest.c  1>&5
configure:4215: checking for catalogs to be installed
configure:4318: checking for executable suffix
configure:4354: checking for bison
configure:4354: checking for byacc
configure:4390: checking for flex
configure:4423: checking for flex
configure:4457: checking for yywrap in -ll
configure:4499: checking lex output file root
configure:4520: checking whether yytext is a pointer
configure:4562: checking whether to enable maintainer-specific portions of Makefiles
configure:4596: checking for string.h
configure:4596: checking for strings.h
configure:4596: checking for stdlib.h
configure:4596: checking for unistd.h
configure:4635: checking for sbrk
configure:4635: checking for realpath
configure:4692: checking for dirent.h that defines DIR
configure:4730: checking for opendir in -ldir
configure:4823: checking whether strstr must be declared
configure:4870: checking whether free must be declared
configure:4917: checking whether sbrk must be declared
configure:4964: checking whether getenv must be declared
configure:5011: checking whether environ must be declared
configure:5065: checking whether ANSI C string concatenation works
configure:5077: gcc -c -g -O2  conftest.c 1>&5
