This file contains any messages produced by compilers while
running configure, to aid debugging if configure makes a mistake.

configure:618: checking for a BSD compatible install
configure:671: checking whether build environment is sane
configure:728: checking whether make sets ${MAKE}
configure:761: checking for Cygwin environment
configure:777: mips-unknown-elf-gcc -B/home/forge/workspaces/jerl/contrib/2/nestedvm-2009-08-09/upstream/build/newlib-obj/mips-unknown-elf/single-float/newlib/ -isystem /home/forge/workspaces/jerl/contrib/2/nestedvm-2009-08-09/upstream/build/newlib-obj/mips-unknown-elf/single-float/newlib/targ-include -isystem /home/forge/workspaces/jerl/contrib/2/nestedvm-2009-08-09/upstream/build/newlib-1.11.0/newlib/libc/include  -msingle-float -c -O2 -g -O2  conftest.c 1>&5
configure: In function `main':
configure:773: error: `__CYGWIN32__' undeclared (first use in this function)
configure:773: error: (Each undeclared identifier is reported only once
configure:773: error: for each function it appears in.)
configure: failed program was:
#line 766 "configure"
#include "confdefs.h"

int main() {

#ifndef __CYGWIN__
#define __CYGWIN__ __CYGWIN32__
#endif
return __CYGWIN__;
; return 0; }
configure:794: checking for mingw32 environment
configure:806: mips-unknown-elf-gcc -B/home/forge/workspaces/jerl/contrib/2/nestedvm-2009-08-09/upstream/build/newlib-obj/mips-unknown-elf/single-float/newlib/ -isystem /home/forge/workspaces/jerl/contrib/2/nestedvm-2009-08-09/upstream/build/newlib-obj/mips-unknown-elf/single-float/newlib/targ-include -isystem /home/forge/workspaces/jerl/contrib/2/nestedvm-2009-08-09/upstream/build/newlib-1.11.0/newlib/libc/include  -msingle-float -c -O2 -g -O2  conftest.c 1>&5
configure: In function `main':
configure:802: error: `__MINGW32__' undeclared (first use in this function)
configure:802: error: (Each undeclared identifier is reported only once
configure:802: error: for each function it appears in.)
configure: failed program was:
#line 799 "configure"
#include "confdefs.h"

int main() {
return __MINGW32__;
; return 0; }
configure:953: checking host system type
configure:974: checking target system type
configure:992: checking build system type
configure:1035: checking for working aclocal
configure:1048: checking for working autoconf
configure:1061: checking for working automake
configure:1074: checking for working autoheader
configure:1087: checking for working makeinfo
configure:1112: checking for gcc
configure:1191: checking whether we are using GNU C
configure:1215: checking whether mips-unknown-elf-gcc -B/home/forge/workspaces/jerl/contrib/2/nestedvm-2009-08-09/upstream/build/newlib-obj/mips-unknown-elf/single-float/newlib/ -isystem /home/forge/workspaces/jerl/contrib/2/nestedvm-2009-08-09/upstream/build/newlib-obj/mips-unknown-elf/single-float/newlib/targ-include -isystem /home/forge/workspaces/jerl/contrib/2/nestedvm-2009-08-09/upstream/build/newlib-1.11.0/newlib/libc/include  -msingle-float accepts -g
configure:1246: checking for -as
configure:1278: checking for -ar
configure:1310: checking for -ranlib
configure:1387: checking for a BSD compatible install
configure:1441: checking whether to enable maintainer-specific portions of Makefiles
