This file contains any messages produced by compilers while
running configure, to aid debugging if configure makes a mistake.

configure:610: checking whether to enable maintainer-specific portions of Makefiles
configure:635: checking for makeinfo
configure:681: checking for perl
configure:721: checking host system type
configure:744: checking build system type
configure:770: checking for ar
configure:802: checking for ranlib
configure:871: checking for gcc
configure:950: checking whether we are using GNU C
configure:975: checking whether gcc accepts -g
configure:1007: checking whether gcc and cc understand -c and -o together
configure:1022: gcc -c conftest.c -o conftest.o 1>&5
configure:1023: gcc -c conftest.c -o conftest.o 1>&5
configure:1028: cc -c conftest.c 1>&5
configure:1030: cc -c conftest.c -o conftest.o 1>&5
configure:1031: cc -c conftest.c -o conftest.o 1>&5
configure:1067: checking for POSIXized ISC
configure:1088: checking for working const
configure:1163: checking for inline
configure:1220: checking for a BSD compatible install
configure:1281: checking how to run the C preprocessor
configure:1364: checking for sys/file.h
configure:1374: gcc -E  conftest.c >/dev/null 2>conftest.out
configure:1364: checking for sys/param.h
configure:1364: checking for limits.h
configure:1364: checking for stdlib.h
configure:1374: gcc -E  conftest.c >/dev/null 2>conftest.out
configure:1364: checking for string.h
configure:1364: checking for unistd.h
configure:1364: checking for strings.h
configure:1374: gcc -E  conftest.c >/dev/null 2>conftest.out
configure:1364: checking for sys/time.h
configure:1374: gcc -E  conftest.c >/dev/null 2>conftest.out
configure:1364: checking for time.h
configure:1374: gcc -E  conftest.c >/dev/null 2>conftest.out
configure:1364: checking for sys/resource.h
configure:1374: gcc -E  conftest.c >/dev/null 2>conftest.out
configure:1364: checking for sys/stat.h
configure:1374: gcc -E  conftest.c >/dev/null 2>conftest.out
configure:1364: checking for sys/mman.h
configure:1374: gcc -E  conftest.c >/dev/null 2>conftest.out
configure:1364: checking for fcntl.h
configure:1374: gcc -E  conftest.c >/dev/null 2>conftest.out
configure:1364: checking for alloca.h
configure:1364: checking for sys/pstat.h
configure:1374: gcc -E  conftest.c >/dev/null 2>conftest.out
configure:1370:23: error: sys/pstat.h: No such file or directory
configure: failed program was:
#line 1369 "configure"
#include "confdefs.h"
#include <sys/pstat.h>
configure:1364: checking for sys/sysmp.h
configure:1374: gcc -E  conftest.c >/dev/null 2>conftest.out
configure:1370:23: error: sys/sysmp.h: No such file or directory
configure: failed program was:
#line 1369 "configure"
#include "confdefs.h"
#include <sys/sysmp.h>
configure:1364: checking for sys/sysinfo.h
configure:1374: gcc -E  conftest.c >/dev/null 2>conftest.out
configure:1364: checking for machine/hal_sysinfo.h
configure:1374: gcc -E  conftest.c >/dev/null 2>conftest.out
configure:1370:33: error: machine/hal_sysinfo.h: No such file or directory
configure: failed program was:
#line 1369 "configure"
#include "confdefs.h"
#include <machine/hal_sysinfo.h>
configure:1364: checking for sys/table.h
configure:1374: gcc -E  conftest.c >/dev/null 2>conftest.out
configure:1370:23: error: sys/table.h: No such file or directory
configure: failed program was:
#line 1369 "configure"
#include "confdefs.h"
#include <sys/table.h>
configure:1364: checking for sys/sysctl.h
configure:1374: gcc -E  conftest.c >/dev/null 2>conftest.out
configure:1364: checking for sys/systemcfg.h
configure:1374: gcc -E  conftest.c >/dev/null 2>conftest.out
configure:1370:27: error: sys/systemcfg.h: No such file or directory
configure: failed program was:
#line 1369 "configure"
#include "confdefs.h"
#include <sys/systemcfg.h>
configure:1401: checking for sys/wait.h that is POSIX.1 compatible
configure:1422: gcc -c -g -O2  conftest.c 1>&5
configure:1443: checking whether time.h and sys/time.h may both be included
configure:1457: gcc -c -g -O2  conftest.c 1>&5
configure:1479: checking whether errno must be declared
configure:1491: gcc -c -g -O2  conftest.c 1>&5
configure:1513: checking for ANSI C header files
configure:1617: checking for uintptr_t
configure:1658: checking for pid_t
configure:2457: checking whether the C compiler (gcc -g -O2 ) works
configure:2473: gcc -o conftest -g -O2   conftest.c  1>&5
configure:2499: checking whether the C compiler (gcc -g -O2 ) is a cross-compiler
configure:2506: checking for asprintf
configure:2534: gcc -o conftest -g -O2   conftest.c  1>&5
configure:2506: checking for atexit
configure:2534: gcc -o conftest -g -O2   conftest.c  1>&5
configure:2506: checking for basename
configure:2534: gcc -o conftest -g -O2   conftest.c  1>&5
configure:2506: checking for bcmp
configure:2534: gcc -o conftest -g -O2   conftest.c  1>&5
configure:2518: warning: conflicting types for built-in function 'bcmp'
configure:2506: checking for bcopy
configure:2534: gcc -o conftest -g -O2   conftest.c  1>&5
configure:2518: warning: conflicting types for built-in function 'bcopy'
configure:2506: checking for bsearch
configure:2534: gcc -o conftest -g -O2   conftest.c  1>&5
configure:2506: checking for bzero
configure:2534: gcc -o conftest -g -O2   conftest.c  1>&5
configure:2518: warning: conflicting types for built-in function 'bzero'
configure:2506: checking for calloc
configure:2534: gcc -o conftest -g -O2   conftest.c  1>&5
configure:2518: warning: conflicting types for built-in function 'calloc'
configure:2506: checking for clock
configure:2534: gcc -o conftest -g -O2   conftest.c  1>&5
configure:2506: checking for ffs
configure:2534: gcc -o conftest -g -O2   conftest.c  1>&5
configure:2518: warning: conflicting types for built-in function 'ffs'
configure:2506: checking for getcwd
configure:2506: checking for getpagesize
configure:2506: checking for index
configure:2534: gcc -o conftest -g -O2   conftest.c  1>&5
configure:2518: warning: conflicting types for built-in function 'index'
configure:2506: checking for insque
configure:2534: gcc -o conftest -g -O2   conftest.c  1>&5
configure:2506: checking for memchr
configure:2534: gcc -o conftest -g -O2   conftest.c  1>&5
configure:2518: warning: conflicting types for built-in function 'memchr'
configure:2506: checking for memcmp
configure:2534: gcc -o conftest -g -O2   conftest.c  1>&5
configure:2518: warning: conflicting types for built-in function 'memcmp'
configure:2506: checking for memcpy
configure:2534: gcc -o conftest -g -O2   conftest.c  1>&5
configure:2518: warning: conflicting types for built-in function 'memcpy'
configure:2506: checking for memmove
configure:2534: gcc -o conftest -g -O2   conftest.c  1>&5
configure:2518: warning: conflicting types for built-in function 'memmove'
configure:2506: checking for mempcpy
configure:2534: gcc -o conftest -g -O2   conftest.c  1>&5
configure:2518: warning: conflicting types for built-in function 'mempcpy'
configure:2506: checking for memset
configure:2534: gcc -o conftest -g -O2   conftest.c  1>&5
configure:2518: warning: conflicting types for built-in function 'memset'
configure:2506: checking for mkstemps
configure:2534: gcc -o conftest -g -O2   conftest.c  1>&5
configure:2506: checking for putenv
configure:2506: checking for random
configure:2534: gcc -o conftest -g -O2   conftest.c  1>&5
configure:2506: checking for rename
configure:2534: gcc -o conftest -g -O2   conftest.c  1>&5
configure:2506: checking for rindex
configure:2534: gcc -o conftest -g -O2   conftest.c  1>&5
configure:2518: warning: conflicting types for built-in function 'rindex'
configure:2506: checking for setenv
configure:2506: checking for snprintf
configure:2534: gcc -o conftest -g -O2   conftest.c  1>&5
configure:2518: warning: conflicting types for built-in function 'snprintf'
configure:2506: checking for sigsetmask
configure:2534: gcc -o conftest -g -O2   conftest.c  1>&5
configure:2506: checking for stpcpy
configure:2506: checking for stpncpy
configure:2534: gcc -o conftest -g -O2   conftest.c  1>&5
configure:2518: warning: conflicting types for built-in function 'stpncpy'
configure:2506: checking for strcasecmp
configure:2506: checking for strchr
configure:2506: checking for strdup
configure:2534: gcc -o conftest -g -O2   conftest.c  1>&5
configure:2518: warning: conflicting types for built-in function 'strdup'
configure:2506: checking for strncasecmp
configure:2534: gcc -o conftest -g -O2   conftest.c  1>&5
configure:2518: warning: conflicting types for built-in function 'strncasecmp'
configure:2506: checking for strrchr
configure:2534: gcc -o conftest -g -O2   conftest.c  1>&5
configure:2518: warning: conflicting types for built-in function 'strrchr'
configure:2506: checking for strstr
configure:2534: gcc -o conftest -g -O2   conftest.c  1>&5
configure:2518: warning: conflicting types for built-in function 'strstr'
configure:2506: checking for strtod
configure:2534: gcc -o conftest -g -O2   conftest.c  1>&5
configure:2506: checking for strtol
configure:2534: gcc -o conftest -g -O2   conftest.c  1>&5
configure:2506: checking for strtoul
configure:2534: gcc -o conftest -g -O2   conftest.c  1>&5
configure:2506: checking for tmpnam
configure:2534: gcc -o conftest -g -O2   conftest.c  1>&5
/tmp/ccVBlOI9.o: In function `main':
/home/forge/workspaces/jerl/contrib/2/nestedvm-2009-08-09/upstream/build/binutils-obj/libiberty/configure:2528: warning: the use of `tmpnam' is dangerous, better use `mkstemp'
configure:2506: checking for vasprintf
configure:2534: gcc -o conftest -g -O2   conftest.c  1>&5
configure:2506: checking for vfprintf
configure:2534: gcc -o conftest -g -O2   conftest.c  1>&5
configure:2518: warning: conflicting types for built-in function 'vfprintf'
configure:2506: checking for vprintf
configure:2534: gcc -o conftest -g -O2   conftest.c  1>&5
configure:2518: warning: conflicting types for built-in function 'vprintf'
configure:2506: checking for vsnprintf
configure:2534: gcc -o conftest -g -O2   conftest.c  1>&5
configure:2518: warning: conflicting types for built-in function 'vsnprintf'
configure:2506: checking for vsprintf
configure:2534: gcc -o conftest -g -O2   conftest.c  1>&5
configure:2518: warning: conflicting types for built-in function 'vsprintf'
configure:2506: checking for waitpid
configure:2534: gcc -o conftest -g -O2   conftest.c  1>&5
configure:2561: checking whether alloca needs Cray hooks
configure:2645: checking stack direction for C alloca
configure:2672: gcc -o conftest -g -O2   conftest.c  1>&5
configure: In function 'main':
configure:2668: warning: incompatible implicit declaration of built-in function 'exit'
configure: failed program was:
#line 2653 "configure"
#include "confdefs.h"
find_stack_direction ()
{
  static char *addr = 0;
  auto char dummy;
  if (addr == 0)
    {
      addr = &dummy;
      return find_stack_direction ();
    }
  else
    return (&dummy > addr) ? 1 : -1;
}
main ()
{
  exit (find_stack_direction() < 0);
}
configure:2694: checking for vfork.h
configure:2704: gcc -E  conftest.c >/dev/null 2>conftest.out
configure:2700:19: error: vfork.h: No such file or directory
configure: failed program was:
#line 2699 "configure"
#include "confdefs.h"
#include <vfork.h>
configure:2729: checking for working vfork
configure:2880: gcc -o conftest -g -O2   conftest.c  1>&5
configure: In function 'main':
configure:2863: warning: incompatible implicit declaration of built-in function 'exit'
configure:2970: checking for _doprnt
configure:2998: gcc -o conftest -g -O2   conftest.c  1>&5
/tmp/ccvV4Ne7.o: In function `main':
/home/forge/workspaces/jerl/contrib/2/nestedvm-2009-08-09/upstream/build/binutils-obj/libiberty/configure:2992: undefined reference to `_doprnt'
collect2: ld returned 1 exit status
configure: failed program was:
#line 2975 "configure"
#include "confdefs.h"
/* System header to define __stub macros and hopefully few prototypes,
    which can conflict with char _doprnt(); below.  */
#include <assert.h>
/* Override any gcc2 internal prototype to avoid an error.  */
/* We use char because int might match the return type of a gcc2
    builtin and then its argument prototype would still apply.  */
char _doprnt();

int main() {

/* The GNU C library defines this for functions which it implements
    to always fail with ENOSYS.  Some functions are actually named
    something starting with __ and the normal name is an alias.  */
#if defined (__stub__doprnt) || defined (__stub____doprnt)
choke me
#else
_doprnt();
#endif

; return 0; }
configure:3026: checking for sys_errlist
configure:3038: gcc -o conftest -g -O2   conftest.c  1>&5
/tmp/ccQBX9Uc.o: In function `main':
/home/forge/workspaces/jerl/contrib/2/nestedvm-2009-08-09/upstream/build/binutils-obj/libiberty/configure:3034: warning: `sys_errlist' is deprecated; use `strerror' or `strerror_r' instead
configure:3026: checking for sys_nerr
configure:3038: gcc -o conftest -g -O2   conftest.c  1>&5
/tmp/ccSqYFhg.o: In function `main':
/home/forge/workspaces/jerl/contrib/2/nestedvm-2009-08-09/upstream/build/binutils-obj/libiberty/configure:3034: warning: `sys_nerr' is deprecated; use `strerror' or `strerror_r' instead
configure:3026: checking for sys_siglist
configure:3038: gcc -o conftest -g -O2   conftest.c  1>&5
configure:3026: checking for _system_configuration
configure:3038: gcc -o conftest -g -O2   conftest.c  1>&5
/tmp/cccJZGTj.o: In function `main':
/home/forge/workspaces/jerl/contrib/2/nestedvm-2009-08-09/upstream/build/binutils-obj/libiberty/configure:3034: undefined reference to `_system_configuration'
collect2: ld returned 1 exit status
configure: failed program was:
#line 3031 "configure"
#include "confdefs.h"
int *p;
int main() {
extern int _system_configuration []; p = _system_configuration;
; return 0; }
configure:3064: checking for getrusage
configure:3092: gcc -o conftest -g -O2   conftest.c  1>&5
configure:3064: checking for on_exit
configure:3092: gcc -o conftest -g -O2   conftest.c  1>&5
configure:3064: checking for psignal
configure:3092: gcc -o conftest -g -O2   conftest.c  1>&5
configure:3064: checking for strerror
configure:3092: gcc -o conftest -g -O2   conftest.c  1>&5
configure:3064: checking for strsignal
configure:3092: gcc -o conftest -g -O2   conftest.c  1>&5
configure:3064: checking for sysconf
configure:3092: gcc -o conftest -g -O2   conftest.c  1>&5
configure:3064: checking for times
configure:3092: gcc -o conftest -g -O2   conftest.c  1>&5
configure:3064: checking for sbrk
configure:3092: gcc -o conftest -g -O2   conftest.c  1>&5
configure:3064: checking for gettimeofday
configure:3092: gcc -o conftest -g -O2   conftest.c  1>&5
configure:3064: checking for realpath
configure:3092: gcc -o conftest -g -O2   conftest.c  1>&5
configure:3064: checking for canonicalize_file_name
configure:3092: gcc -o conftest -g -O2   conftest.c  1>&5
configure:3064: checking for pstat_getstatic
configure:3092: gcc -o conftest -g -O2   conftest.c  1>&5
/tmp/ccN3GCFm.o: In function `main':
/home/forge/workspaces/jerl/contrib/2/nestedvm-2009-08-09/upstream/build/binutils-obj/libiberty/configure:3086: undefined reference to `pstat_getstatic'
collect2: ld returned 1 exit status
configure: failed program was:
#line 3069 "configure"
#include "confdefs.h"
/* System header to define __stub macros and hopefully few prototypes,
    which can conflict with char pstat_getstatic(); below.  */
#include <assert.h>
/* Override any gcc2 internal prototype to avoid an error.  */
/* We use char because int might match the return type of a gcc2
    builtin and then its argument prototype would still apply.  */
char pstat_getstatic();

int main() {

/* The GNU C library defines this for functions which it implements
    to always fail with ENOSYS.  Some functions are actually named
    something starting with __ and the normal name is an alias.  */
#if defined (__stub_pstat_getstatic) || defined (__stub___pstat_getstatic)
choke me
#else
pstat_getstatic();
#endif

; return 0; }
configure:3064: checking for pstat_getdynamic
configure:3092: gcc -o conftest -g -O2   conftest.c  1>&5
/tmp/cc3UAh6k.o: In function `main':
/home/forge/workspaces/jerl/contrib/2/nestedvm-2009-08-09/upstream/build/binutils-obj/libiberty/configure:3086: undefined reference to `pstat_getdynamic'
collect2: ld returned 1 exit status
configure: failed program was:
#line 3069 "configure"
#include "confdefs.h"
/* System header to define __stub macros and hopefully few prototypes,
    which can conflict with char pstat_getdynamic(); below.  */
#include <assert.h>
/* Override any gcc2 internal prototype to avoid an error.  */
/* We use char because int might match the return type of a gcc2
    builtin and then its argument prototype would still apply.  */
char pstat_getdynamic();

int main() {

/* The GNU C library defines this for functions which it implements
    to always fail with ENOSYS.  Some functions are actually named
    something starting with __ and the normal name is an alias.  */
#if defined (__stub_pstat_getdynamic) || defined (__stub___pstat_getdynamic)
choke me
#else
pstat_getdynamic();
#endif

; return 0; }
configure:3064: checking for sysmp
configure:3092: gcc -o conftest -g -O2   conftest.c  1>&5
/tmp/ccnf2I9p.o: In function `main':
/home/forge/workspaces/jerl/contrib/2/nestedvm-2009-08-09/upstream/build/binutils-obj/libiberty/configure:3086: undefined reference to `sysmp'
collect2: ld returned 1 exit status
configure: failed program was:
#line 3069 "configure"
#include "confdefs.h"
/* System header to define __stub macros and hopefully few prototypes,
    which can conflict with char sysmp(); below.  */
#include <assert.h>
/* Override any gcc2 internal prototype to avoid an error.  */
/* We use char because int might match the return type of a gcc2
    builtin and then its argument prototype would still apply.  */
char sysmp();

int main() {

/* The GNU C library defines this for functions which it implements
    to always fail with ENOSYS.  Some functions are actually named
    something starting with __ and the normal name is an alias.  */
#if defined (__stub_sysmp) || defined (__stub___sysmp)
choke me
#else
sysmp();
#endif

; return 0; }
configure:3064: checking for getsysinfo
configure:3092: gcc -o conftest -g -O2   conftest.c  1>&5
/tmp/cc1XVJ2s.o: In function `main':
/home/forge/workspaces/jerl/contrib/2/nestedvm-2009-08-09/upstream/build/binutils-obj/libiberty/configure:3086: undefined reference to `getsysinfo'
collect2: ld returned 1 exit status
configure: failed program was:
#line 3069 "configure"
#include "confdefs.h"
/* System header to define __stub macros and hopefully few prototypes,
    which can conflict with char getsysinfo(); below.  */
#include <assert.h>
/* Override any gcc2 internal prototype to avoid an error.  */
/* We use char because int might match the return type of a gcc2
    builtin and then its argument prototype would still apply.  */
char getsysinfo();

int main() {

/* The GNU C library defines this for functions which it implements
    to always fail with ENOSYS.  Some functions are actually named
    something starting with __ and the normal name is an alias.  */
#if defined (__stub_getsysinfo) || defined (__stub___getsysinfo)
choke me
#else
getsysinfo();
#endif

; return 0; }
configure:3064: checking for table
configure:3092: gcc -o conftest -g -O2   conftest.c  1>&5
/tmp/ccpuTA2y.o: In function `main':
/home/forge/workspaces/jerl/contrib/2/nestedvm-2009-08-09/upstream/build/binutils-obj/libiberty/configure:3086: undefined reference to `table'
collect2: ld returned 1 exit status
configure: failed program was:
#line 3069 "configure"
#include "confdefs.h"
/* System header to define __stub macros and hopefully few prototypes,
    which can conflict with char table(); below.  */
#include <assert.h>
/* Override any gcc2 internal prototype to avoid an error.  */
/* We use char because int might match the return type of a gcc2
    builtin and then its argument prototype would still apply.  */
char table();

int main() {

/* The GNU C library defines this for functions which it implements
    to always fail with ENOSYS.  Some functions are actually named
    something starting with __ and the normal name is an alias.  */
#if defined (__stub_table) || defined (__stub___table)
choke me
#else
table();
#endif

; return 0; }
configure:3064: checking for sysctl
configure:3092: gcc -o conftest -g -O2   conftest.c  1>&5
configure:3117: checking whether canonicalize_file_name must be declared
configure:3144: gcc -c -g -O2  conftest.c 1>&5
configure: In function 'main':
configure:3140: error: 'canonicalize_file_name' undeclared (first use in this function)
configure:3140: error: (Each undeclared identifier is reported only once
configure:3140: error: for each function it appears in.)
configure: failed program was:
#line 3122 "configure"
#include "confdefs.h"

#include "confdefs.h"
#include <stdio.h>
#ifdef HAVE_STRING_H
#include <string.h>
#else
#ifdef HAVE_STRINGS_H
#include <strings.h>
#endif
#endif
#ifdef HAVE_STDLIB_H
#include <stdlib.h>
#endif
#ifdef HAVE_UNISTD_H
#include <unistd.h>
#endif
int main() {
char *(*pfn) = (char *(*)) canonicalize_file_name
; return 0; }
configure:3180: checking for unistd.h
configure:3219: checking for getpagesize
configure:3272: checking for working mmap
configure:3444: checking for working strncmp
configure:3516: gcc -o conftest -g -O2   conftest.c  1>&5
configure: In function 'main':
configure:3491: warning: incompatible implicit declaration of built-in function 'exit'
configure:3503: warning: incompatible implicit declaration of built-in function 'strlen'
configure:3506: warning: incompatible implicit declaration of built-in function 'strcpy'
