This file contains any messages produced by compilers while
running configure, to aid debugging if configure makes a mistake.

configure:622: checking for a BSD compatible install
configure:675: checking whether build environment is sane
configure:732: checking whether make sets ${MAKE}
configure:765: checking for Cygwin environment
configure:798: checking for mingw32 environment
configure:957: checking host system type
configure:978: checking target system type
configure:996: checking build system type
configure:1039: checking for working aclocal
configure:1052: checking for working autoconf
configure:1065: checking for working automake
configure:1078: checking for working autoheader
configure:1091: checking for working makeinfo
configure:1116: checking for gcc
configure:1195: checking whether we are using GNU C
configure:1219: checking whether  mips-unknown-elf-gcc -B/home/forge/workspaces/jerl/contrib/2/nestedvm-2009-08-09/upstream/build/newlib-obj/mips-unknown-elf/newlib/ -isystem /home/forge/workspaces/jerl/contrib/2/nestedvm-2009-08-09/upstream/build/newlib-obj/mips-unknown-elf/newlib/targ-include -isystem /home/forge/workspaces/jerl/contrib/2/nestedvm-2009-08-09/upstream/build/newlib-1.11.0/newlib/libc/include accepts -g
configure:1250: checking for -as
configure:1282: checking for -ar
configure:1314: checking for -ranlib
configure:1391: checking for a BSD compatible install
configure:1445: checking whether to enable maintainer-specific portions of Makefiles
