This file contains any messages produced by compilers while
running configure, to aid debugging if configure makes a mistake.

configure:598: checking for a BSD compatible install
configure:651: checking whether build environment is sane
configure:708: checking whether make sets ${MAKE}
configure:741: checking for Cygwin environment
configure:774: checking for mingw32 environment
configure:933: checking host system type
configure:954: checking target system type
configure:972: checking build system type
configure:1015: checking for working aclocal
configure:1028: checking for working autoconf
configure:1041: checking for working automake
configure:1054: checking for working autoheader
configure:1067: checking for working makeinfo
configure:1092: checking for gcc
configure:1171: checking whether we are using GNU C
configure:1195: checking whether  mips-unknown-elf-gcc -B/home/forge/workspaces/jerl/contrib/2/nestedvm-2009-08-09/upstream/build/newlib-obj/mips-unknown-elf/newlib/ -isystem /home/forge/workspaces/jerl/contrib/2/nestedvm-2009-08-09/upstream/build/newlib-obj/mips-unknown-elf/newlib/targ-include -isystem /home/forge/workspaces/jerl/contrib/2/nestedvm-2009-08-09/upstream/build/newlib-1.11.0/newlib/libc/include accepts -g
configure:1226: checking for -as
configure:1258: checking for -ar
configure:1290: checking for -ranlib
configure:1367: checking for a BSD compatible install
configure:1421: checking whether to enable maintainer-specific portions of Makefiles
