This file contains any messages produced by compilers while
running configure, to aid debugging if configure makes a mistake.

configure:586: checking for a BSD compatible install
configure:639: checking whether build environment is sane
configure:696: checking whether make sets ${MAKE}
configure:729: checking for Cygwin environment
configure:762: checking for mingw32 environment
configure:921: checking host system type
configure:942: checking target system type
configure:960: checking build system type
configure:1003: checking for working aclocal
configure:1016: checking for working autoconf
configure:1029: checking for working automake
configure:1042: checking for working autoheader
configure:1055: checking for working makeinfo
configure:1080: checking for gcc
configure:1159: checking whether we are using GNU C
configure:1183: checking whether mips-unknown-elf-gcc -B/home/forge/workspaces/jerl/contrib/2/nestedvm-2009-08-09/upstream/build/newlib-obj/mips-unknown-elf/single-float/newlib/ -isystem /home/forge/workspaces/jerl/contrib/2/nestedvm-2009-08-09/upstream/build/newlib-obj/mips-unknown-elf/single-float/newlib/targ-include -isystem /home/forge/workspaces/jerl/contrib/2/nestedvm-2009-08-09/upstream/build/newlib-1.11.0/newlib/libc/include  -msingle-float accepts -g
configure:1214: checking for -as
configure:1246: checking for -ar
configure:1278: checking for -ranlib
configure:1355: checking for a BSD compatible install
configure:1409: checking whether to enable maintainer-specific portions of Makefiles
