This file contains any messages produced by compilers while
running configure, to aid debugging if configure makes a mistake.

configure:565: checking for Cygwin environment
configure:581: gcc -c -g -O2  conftest.c 1>&5
configure: In function 'main':
configure:577: error: '__CYGWIN32__' undeclared (first use in this function)
configure:577: error: (Each undeclared identifier is reported only once
configure:577: error: for each function it appears in.)
configure: failed program was:
#line 570 "configure"
#include "confdefs.h"

int main() {

#ifndef __CYGWIN__
#define __CYGWIN__ __CYGWIN32__
#endif
return __CYGWIN__;
; return 0; }
configure:598: checking for mingw32 environment
configure:610: gcc -c -g -O2  conftest.c 1>&5
configure: In function 'main':
configure:606: error: '__MINGW32__' undeclared (first use in this function)
configure:606: error: (Each undeclared identifier is reported only once
configure:606: error: for each function it appears in.)
configure: failed program was:
#line 603 "configure"
#include "confdefs.h"

int main() {
return __MINGW32__;
; return 0; }
configure:675: checking host system type
configure:696: checking target system type
configure:714: checking build system type
configure:739: checking for gcc
configure:852: checking whether the C compiler (gcc -g -O2 ) works
configure:868: gcc -o conftest -g -O2   conftest.c  1>&5
configure:894: checking whether the C compiler (gcc -g -O2 ) is a cross-compiler
configure:899: checking whether we are using GNU C
configure:927: checking whether gcc accepts -g
configure:959: checking for POSIXized ISC
configure:997: checking for a BSD compatible install
configure:1050: checking whether build environment is sane
configure:1107: checking whether make sets ${MAKE}
configure:1153: checking for working aclocal
configure:1166: checking for working autoconf
configure:1179: checking for working automake
configure:1192: checking for working autoheader
configure:1205: checking for working makeinfo
configure:1228: checking for ar
configure:1260: checking for ranlib
configure:1407: checking for ld used by GCC
configure:1475: checking if the linker (ld) is GNU ld
GNU ld (GNU Binutils for Debian) 2.20.1-system.20100303
configure:1492: checking for ld option to reload object files
configure:1504: checking for BSD-compatible nm
configure:1542: checking whether ln -s works
configure:1563: checking how to recognise dependant libraries
configure:1736: checking for object suffix
configure:1742: gcc -c -g -O2  conftest.c 1>&5
configure:1762: checking for executable suffix
configure:1772: gcc -o conftest -g -O2   conftest.c  1>&5
configure:1932: checking for ranlib
configure:1999: checking for strip
ltconfig:678:checking for gcc option to produce PIC
ltconfig:687:checking that gcc PIC flag -fPIC -DPIC works.
ltconfig:697: gcc -c -g -O2 -fPIC -DPIC -DPIC  conftest.c 1>&5
ltconfig:749: checking if gcc static flag -static works
ltconfig:758: gcc -o conftest -g -O2   -static conftest.c  1>&5
ltconfig:780: finding the maximum length of command line arguments
ltconfig:@lineno@: result: 49153
ltconfig:833: checking if gcc supports -c -o file.o
ltconfig:834: gcc -c -g -O2 -o out/conftest2.o  conftest.c 1>&5
ltconfig:887: checking if gcc supports -fno-rtti -fno-exceptions
ltconfig:888: gcc -c -g -O2 -fno-rtti -fno-exceptions -c conftest.c  conftest.c 1>&5
ltconfig:1431: checking if global_symbol_pipe works
ltconfig:1432: gcc -c -g -O2  conftest.c 1>&5
ltconfig:1435: eval "nm conftest.o | sed -n -e 's/^.*[ 	]\([ABCDGISTW][ABCDGISTW]*\)[ 	][ 	]*\(\)\([_A-Za-z][_A-Za-z0-9]*\)$/  /p' > conftest.nm"
ltconfig:1487: gcc -o conftest -g -O2 -fno-builtin   conftest.c conftstm.o 1>&5
configure:2338: checking whether to enable maintainer-specific portions of Makefiles
configure:2361: checking whether to install libbfd
configure:2398: checking for executable suffix
configure:2434: checking for gcc
configure:2547: checking whether the C compiler (gcc -g -O2 ) works
configure:2563: gcc -o conftest -g -O2   conftest.c  1>&5
configure:2589: checking whether the C compiler (gcc -g -O2 ) is a cross-compiler
configure:2594: checking whether we are using GNU C
configure:2622: checking whether gcc accepts -g
configure:2656: checking how to run the C preprocessor
configure:2738: checking for ranlib
configure:2766: checking for ANSI C header files
configure:2870: checking for working const
configure:2945: checking for inline
configure:2985: checking for off_t
configure:3018: checking for size_t
configure:3053: checking for working alloca.h
configure:3086: checking for alloca
configure:3288: checking for unistd.h
configure:3327: checking for getpagesize
configure:3380: checking for working mmap
configure:3556: checking for argz.h
configure:3556: checking for limits.h
configure:3556: checking for locale.h
configure:3556: checking for nl_types.h
configure:3556: checking for malloc.h
configure:3556: checking for string.h
configure:3556: checking for unistd.h
configure:3556: checking for values.h
configure:3556: checking for sys/param.h
configure:3596: checking for getcwd
configure:3596: checking for munmap
configure:3596: checking for putenv
configure:3596: checking for setenv
configure:3596: checking for setlocale
configure:3596: checking for strchr
configure:3596: checking for strcasecmp
configure:3596: checking for __argz_count
configure:3596: checking for __argz_stringify
configure:3596: checking for __argz_next
configure:3715: checking for LC_MESSAGES
configure:3748: checking whether NLS is requested
configure:3768: checking whether included gettext is requested
configure:3787: checking for libintl.h
configure:3814: checking for gettext in libc
configure:3917: checking for msgfmt
configure:3951: checking for dcgettext
configure:4006: checking for gmsgfmt
configure:4042: checking for xgettext
configure:4082: gcc -o conftest -g -O2   conftest.c  1>&5
configure:4274: checking for catalogs to be installed
configure:4427: checking for a BSD compatible install
configure:4484: checking for string.h
configure:4484: checking for strings.h
configure:4484: checking for stdlib.h
